<?xml version="1.0" encoding="UTF-8"?>
<!-- Generated by org.testng.reporters.JUnitReportReporter -->
<testsuite skipped="0" hostname="Jeys-MBP.home" name="com.Hubspot.Test.ContactsPageTest" tests="2" failures="0" timestamp="2019-11-05T13:13:36 EST" time="3.437" errors="0">
  <testcase name="verifyContactsPageTitle" time="0.014" classname="com.Hubspot.Test.ContactsPageTest"/>
  <testcase name="createContactsTest" time="3.423" classname="com.Hubspot.Test.ContactsPageTest"/>
</testsuite> <!-- com.Hubspot.Test.ContactsPageTest -->
