<?xml version="1.0" encoding="UTF-8"?>
<!-- Generated by org.testng.reporters.JUnitReportReporter -->
<testsuite skipped="0" hostname="Jeys-MBP.home" name="com.Hubspot.Test.LoginPageTest" tests="4" failures="0" timestamp="2019-11-11T17:25:11 EST" time="2.995" errors="0">
  <testcase name="verifyLoginPagTitleTest" time="0.014" classname="com.Hubspot.Test.LoginPageTest"/>
  <testcase name="verifySignUpLinkTest" time="0.044" classname="com.Hubspot.Test.LoginPageTest"/>
  <testcase name="loginTest" time="2.894" classname="com.Hubspot.Test.LoginPageTest"/>
  <testcase name="ShowPasswordTest" time="0.043" classname="com.Hubspot.Test.LoginPageTest"/>
</testsuite> <!-- com.Hubspot.Test.LoginPageTest -->
