<?xml version="1.0" encoding="UTF-8"?>
<!-- Generated by org.testng.reporters.JUnitReportReporter -->
<testsuite skipped="0" hostname="Jeys-MBP.home" name="com.Hubspot.Test.HomePageTest" tests="3" failures="0" timestamp="2019-11-07T13:02:35 EST" time="0.124" errors="0">
  <testcase name="verifyHomePageTitleTest" time="0.008" classname="com.Hubspot.Test.HomePageTest"/>
  <testcase name="verifyHeaderTest" time="0.074" classname="com.Hubspot.Test.HomePageTest"/>
  <testcase name="verifyLogedInUser" time="0.042" classname="com.Hubspot.Test.HomePageTest"/>
</testsuite> <!-- com.Hubspot.Test.HomePageTest -->
