<?xml version="1.0" encoding="UTF-8"?>
<!-- Generated by org.testng.reporters.JUnitReportReporter -->
<testsuite skipped="0" hostname="Jeys-MBP.home" name="com.Hubspot.Test.ContactsPageTest1" tests="5" failures="0" timestamp="2019-11-07T13:39:02 EST" time="83.349" errors="0">
  <testcase name="verifyContactsPageTitle" time="14.659" classname="com.Hubspot.Test.ContactsPageTest1"/>
  <testcase name="createContactsTest" time="16.677" classname="com.Hubspot.Test.ContactsPageTest1"/>
  <testcase name="createContactsTest" time="17.843" classname="com.Hubspot.Test.ContactsPageTest1"/>
  <testcase name="createContactsTest" time="16.670" classname="com.Hubspot.Test.ContactsPageTest1"/>
  <testcase name="createContactsTest" time="17.500" classname="com.Hubspot.Test.ContactsPageTest1"/>
</testsuite> <!-- com.Hubspot.Test.ContactsPageTest1 -->
