<?xml version="1.0" encoding="UTF-8"?>
<!-- Generated by org.testng.reporters.JUnitReportReporter -->
<testsuite skipped="0" hostname="Jeys-MBP.home" name="com.Hubspot.Test.HomePageTest" tests="3" failures="0" timestamp="2019-11-11T17:19:30 EST" time="0.134" errors="0">
  <testcase name="verifyHomePageTitleTest" time="0.012" classname="com.Hubspot.Test.HomePageTest"/>
  <testcase name="verifyHeaderTest" time="0.073" classname="com.Hubspot.Test.HomePageTest"/>
  <testcase name="verifyLogedInUser" time="0.049" classname="com.Hubspot.Test.HomePageTest"/>
</testsuite> <!-- com.Hubspot.Test.HomePageTest -->
