<?xml version="1.0" encoding="UTF-8"?>
<!-- Generated by org.testng.reporters.JUnitReportReporter -->
<testsuite skipped="0" hostname="Jeys-MBP.home" name="com.Hubspot.Test.LoginPageTest" tests="4" failures="0" timestamp="2019-11-11T17:19:30 EST" time="4.387" errors="0">
  <testcase name="verifyLoginPagTitleTest" time="0.008" classname="com.Hubspot.Test.LoginPageTest"/>
  <testcase name="verifySignUpLinkTest" time="0.034" classname="com.Hubspot.Test.LoginPageTest"/>
  <testcase name="loginTest" time="3.749" classname="com.Hubspot.Test.LoginPageTest"/>
  <testcase name="ShowPasswordTest" time="0.596" classname="com.Hubspot.Test.LoginPageTest"/>
</testsuite> <!-- com.Hubspot.Test.LoginPageTest -->
